preyam2002
Mandar2411
Shreya-Agrawal-2121
Shailesh-05
jaiakash
0xquark
copyNinja1219
Smruti2002
MayankRaje
SachinMittal1766
TsarPrince
aryanploxxx
snahashisk
shobhit10058
lokesh-0706
Rudransh1084
rahulgupta9202
akshaymishra7
NotRohanPaul
ankitgarg1234
siddiq-1018
debz-g
JessicaJohnBritto
KiZaRu507
Keshab0100
artimanputra
rohitpadage
beerukuri
sushovanb02
aniketpathak028
Jigyasa-G
AarizAnsari
mandiraghosh783
Peaceful-555
777ahesh
Jeevesh28
Bushra109
Aniket-508
chirag828049
Cyber-Machine
KartikChippalkati
i-ujjwaljha
intrigued-rishi