Preyam Rao
Mandar Manohar Patade
Shreya Agrawal
Shailesh Nanisetty
Akash Jaiswal
Karanjot Singh
cyrus thapa
Smruti Ranjan Malla
Mayank Raje
Sachin Mittal
Prince Singh
Aryan Gupta
Snahashis Kanrar
Shobhit Gupta
Lokesh
Rudransh Agrawal
Rahul Gupta
AKSHAY MISHRA
Rohan Paul
Ankit garg
Shaik Siddiq Parveen
Debayan Ghosh Dastider
Jessica John Britto
Sumukh VR
Keshab Kataruka
Arti Manputra
Rohit Padage
Abhinay Beerukuri
Sushovan Banerjee
Aniket Pathak
Jigyasa Gupta
Mohd Aariz
Mandira Ghosh
Jay Dutonde
Mahesh Gaikwad
Jeevesh Mahajan
Bushra Shireen
Aniket Pawar
Chirag Ghosh
Maaz Karim
Kartik Maheshkumar Chippalkatti
Ujjwal Jha
Hrishikesh Mallick